<testsuites name="jest tests" tests="6" failures="3" time="1.661">
  <testsuite name="Hacker Dormitory" errors="0" failures="3" skipped="0" timestamp="2022-11-01T00:24:13" time="1.661" tests="6">
    <testcase classname="Hacker Dormitory should add valid students in Residents list" name="Hacker Dormitory should add valid students in Residents list" time="0.05">
      <failure>Error: expect(received).toEqual(expected) // deep equality

Expected: &quot;adam&quot;
Received: &quot;john&quot;
    at Object.&lt;anonymous&gt; (/Users/damilolaowolabi/Work/React/react-test/src/App.test.js:39:56)
    at Object.asyncJestTest (/Users/damilolaowolabi/Work/React/react-test/node_modules/jest-jasmine2/build/jasmineAsyncInstall.js:102:37)
    at /Users/damilolaowolabi/Work/React/react-test/node_modules/jest-jasmine2/build/queueRunner.js:43:12
    at new Promise (&lt;anonymous&gt;)
    at mapper (/Users/damilolaowolabi/Work/React/react-test/node_modules/jest-jasmine2/build/queueRunner.js:26:19)
    at /Users/damilolaowolabi/Work/React/react-test/node_modules/jest-jasmine2/build/queueRunner.js:73:41
    at processTicksAndRejections (internal/process/task_queues.js:95:5)</failure>
    </testcase>
    <testcase classname="Hacker Dormitory should add valid students without case sensitivity" name="Hacker Dormitory should add valid students without case sensitivity" time="0.009">
      <failure>Error: expect(received).toEqual(expected) // deep equality

Expected: &quot;adam&quot;
Received: &quot;john&quot;
    at Object.&lt;anonymous&gt; (/Users/damilolaowolabi/Work/React/react-test/src/App.test.js:53:56)
    at Object.asyncJestTest (/Users/damilolaowolabi/Work/React/react-test/node_modules/jest-jasmine2/build/jasmineAsyncInstall.js:102:37)
    at /Users/damilolaowolabi/Work/React/react-test/node_modules/jest-jasmine2/build/queueRunner.js:43:12
    at new Promise (&lt;anonymous&gt;)
    at mapper (/Users/damilolaowolabi/Work/React/react-test/node_modules/jest-jasmine2/build/queueRunner.js:26:19)
    at /Users/damilolaowolabi/Work/React/react-test/node_modules/jest-jasmine2/build/queueRunner.js:73:41
    at processTicksAndRejections (internal/process/task_queues.js:95:5)</failure>
    </testcase>
    <testcase classname="Hacker Dormitory should clear the input fields after adding a new student" name="Hacker Dormitory should clear the input fields after adding a new student" time="0.009">
    </testcase>
    <testcase classname="Hacker Dormitory should show error on trying to add a student who is not in the list" name="Hacker Dormitory should show error on trying to add a student who is not in the list" time="0.011">
    </testcase>
    <testcase classname="Hacker Dormitory should show error on trying to add a student whose validity has expired" name="Hacker Dormitory should show error on trying to add a student whose validity has expired" time="0.009">
    </testcase>
    <testcase classname="Hacker Dormitory should hold the correct list and error message after series of Students addition" name="Hacker Dormitory should hold the correct list and error message after series of Students addition" time="0.022">
      <failure>Error: expect(received).toEqual(expected) // deep equality

Expected: &quot;adam&quot;
Received: &quot;john&quot;
    at Object.&lt;anonymous&gt; (/Users/damilolaowolabi/Work/React/react-test/src/App.test.js:114:56)
    at Object.asyncJestTest (/Users/damilolaowolabi/Work/React/react-test/node_modules/jest-jasmine2/build/jasmineAsyncInstall.js:102:37)
    at /Users/damilolaowolabi/Work/React/react-test/node_modules/jest-jasmine2/build/queueRunner.js:43:12
    at new Promise (&lt;anonymous&gt;)
    at mapper (/Users/damilolaowolabi/Work/React/react-test/node_modules/jest-jasmine2/build/queueRunner.js:26:19)
    at /Users/damilolaowolabi/Work/React/react-test/node_modules/jest-jasmine2/build/queueRunner.js:73:41
    at processTicksAndRejections (internal/process/task_queues.js:95:5)</failure>
    </testcase>
  </testsuite>
</testsuites>